<?xml version="1.0" encoding="UTF-8"?>
<!-- Generated by org.testng.reporters.JUnitReportReporter -->
<testsuite hostname="LAPTOP-LVMPKGTC" failures="0" tests="1" name="testNGPack2.Flag2" time="12.143" errors="0" timestamp="2023-01-20T16:20:45 IST" skipped="0">
  <testcase classname="testNGPack2.Flag2" name="sql" time="12.143"/>
  <system-out/>
</testsuite> <!-- testNGPack2.Flag2 -->
