<?xml version="1.0" encoding="UTF-8"?>
<!-- Generated by org.testng.reporters.JUnitReportReporter -->
<testsuite hostname="LAPTOP-LVMPKGTC" failures="0" tests="6" name="testNGPack2.Flag5" time="0.015" errors="0" timestamp="2023-01-20T19:14:05 IST" skipped="0">
  <testcase classname="testNGPack2.Flag5" name="k" time="0.001"/>
  <system-out>
    <![CDATA[k]]>
  </system-out>
  <testcase classname="testNGPack2.Flag5" name="g" time="0.009"/>
  <system-out>
    <![CDATA[g]]>
  </system-out>
  <testcase classname="testNGPack2.Flag5" name="i" time="0.002"/>
  <system-out>
    <![CDATA[i]]>
  </system-out>
  <testcase classname="testNGPack2.Flag5" name="h" time="0.001"/>
  <system-out>
    <![CDATA[h]]>
  </system-out>
  <testcase classname="testNGPack2.Flag5" name="p" time="0.001"/>
  <system-out>
    <![CDATA[p]]>
  </system-out>
  <testcase classname="testNGPack2.Flag5" name="z" time="0.001"/>
  <system-out>
    <![CDATA[z]]>
  </system-out>
</testsuite> <!-- testNGPack2.Flag5 -->
