<?xml version="1.0" encoding="UTF-8"?>
<!-- Generated by org.testng.reporters.JUnitReportReporter -->
<testsuite hostname="LAPTOP-LVMPKGTC" failures="0" tests="12" name="testNGPack2.Flag6" time="0.022" errors="0" timestamp="2023-01-24T01:04:53 IST" skipped="0">
  <testcase classname="testNGPack2.Flag6" name="it2" time="0.001"/>
  <system-out>
    <![CDATA[Integration Testing 2]]>
  </system-out>
  <testcase classname="testNGPack2.Flag6" name="it6" time="0.002"/>
  <system-out>
    <![CDATA[Integration Testing 6]]>
  </system-out>
  <testcase classname="testNGPack2.Flag6" name="it1" time="0.007"/>
  <system-out>
    <![CDATA[Integration Testing 1]]>
  </system-out>
  <testcase classname="testNGPack2.Flag6" name="st2" time="0.001"/>
  <system-out>
    <![CDATA[System Testing 2]]>
  </system-out>
  <testcase classname="testNGPack2.Flag6" name="st3" time="0.001"/>
  <system-out>
    <![CDATA[System Testing 3]]>
  </system-out>
  <testcase classname="testNGPack2.Flag6" name="st4" time="0.001"/>
  <system-out>
    <![CDATA[System Testing 4]]>
  </system-out>
  <testcase classname="testNGPack2.Flag6" name="st6" time="0.002"/>
  <system-out>
    <![CDATA[System Testing 6]]>
  </system-out>
  <testcase classname="testNGPack2.Flag6" name="it5" time="0.002"/>
  <system-out>
    <![CDATA[Integration Testing 5]]>
  </system-out>
  <testcase classname="testNGPack2.Flag6" name="st5" time="0.001"/>
  <system-out>
    <![CDATA[System Testing 5]]>
  </system-out>
  <testcase classname="testNGPack2.Flag6" name="st1" time="0.001"/>
  <system-out>
    <![CDATA[System Testing 1]]>
  </system-out>
  <testcase classname="testNGPack2.Flag6" name="it3" time="0.002"/>
  <system-out>
    <![CDATA[Integration Testing 3]]>
  </system-out>
  <testcase classname="testNGPack2.Flag6" name="it4" time="0.001"/>
  <system-out>
    <![CDATA[Integration Testing 4]]>
  </system-out>
</testsuite> <!-- testNGPack2.Flag6 -->
