<?xml version="1.0" encoding="UTF-8"?>
<!-- Generated by org.testng.reporters.JUnitReportReporter -->
<testsuite hostname="LAPTOP-LVMPKGTC" failures="0" tests="2" name="testNGPack2.Annotations" time="0.008" errors="0" timestamp="2023-01-20T16:42:34 IST" skipped="0">
  <testcase classname="testNGPack2.Annotations" name="test" time="0.005"/>
  <system-out>
    <![CDATA[@Test Annotation]]>
  </system-out>
  <testcase classname="testNGPack2.Annotations" name="test1" time="0.003"/>
  <system-out>
    <![CDATA[@Test Annotation1]]>
  </system-out>
</testsuite> <!-- testNGPack2.Annotations -->
