<?xml version="1.0" encoding="UTF-8"?>
<!-- Generated by org.testng.reporters.JUnitReportReporter -->
<testsuite hostname="LAPTOP-LVMPKGTC" failures="0" tests="2" name="testNGPack.TestValidLogin2" time="12.173" errors="0" timestamp="2023-01-25T00:05:09 IST" skipped="0">
  <testcase classname="testNGPack.TestValidLogin2" name="method1" time="6.234"/>
  <system-out/>
  <testcase classname="testNGPack.TestValidLogin2" name="method1" time="5.939"/>
  <system-out/>
</testsuite> <!-- testNGPack.TestValidLogin2 -->
