<?xml version="1.0" encoding="UTF-8"?>
<!-- Generated by org.testng.reporters.JUnitReportReporter -->
<testsuite hostname="LAPTOP-LVMPKGTC" failures="0" tests="3" name="testNGPack2.Flag4" time="0.008" errors="0" timestamp="2023-01-20T16:33:19 IST" skipped="0">
  <testcase classname="testNGPack2.Flag4" name="logIn" time="0.006"/>
  <system-out>
    <![CDATA[Login Done!!]]>
  </system-out>
  <testcase classname="testNGPack2.Flag4" name="createUser" time="0.001"/>
  <system-out>
    <![CDATA[Create User Done!!]]>
  </system-out>
  <testcase classname="testNGPack2.Flag4" name="logOUT" time="0.001"/>
  <system-out>
    <![CDATA[Logout Done!!]]>
  </system-out>
</testsuite> <!-- testNGPack2.Flag4 -->
