<?xml version="1.0" encoding="UTF-8"?>
<!-- Generated by org.testng.reporters.JUnitReportReporter -->
<testsuite hostname="LAPTOP-LVMPKGTC" failures="0" tests="1" name="testNGPack.TestValidLogin" time="6.817" errors="0" timestamp="2023-01-24T23:54:48 IST" skipped="0">
  <testcase classname="testNGPack.TestValidLogin" name="validLogin" time="6.817"/>
  <system-out/>
</testsuite> <!-- testNGPack.TestValidLogin -->
