<?xml version="1.0" encoding="UTF-8"?>
<!-- Generated by org.testng.reporters.JUnitReportReporter -->
<testsuite hostname="LAPTOP-LVMPKGTC" failures="0" tests="3" name="testNGPack.Remo" time="0.003" errors="0" timestamp="2023-01-18T23:51:37 IST" skipped="0">
  <testcase classname="testNGPack.Remo" name="remo1" time="0.001"/>
  <system-out>
    <![CDATA[From remo1 method]]>
  </system-out>
  <testcase classname="testNGPack.Remo" name="remo" time="0.001"/>
  <system-out>
    <![CDATA[From remo method]]>
  </system-out>
  <testcase classname="testNGPack.Remo" name="remo2" time="0.001"/>
  <system-out>
    <![CDATA[From remo2 method]]>
  </system-out>
</testsuite> <!-- testNGPack.Remo -->
