<?xml version="1.0" encoding="UTF-8"?>
<!-- Generated by org.testng.reporters.JUnitReportReporter -->
<testsuite hostname="LAPTOP-LVMPKGTC" failures="0" tests="2" name="testNGparallelExecution.TestNg4" time="0.008" errors="0" timestamp="2023-01-24T01:26:50 IST" skipped="0">
  <testcase classname="testNGparallelExecution.TestNg4" name="tomorrow" time="0.001"/>
  <system-out>
    <![CDATA[tomorrow method18 is the thread]]>
  </system-out>
  <testcase classname="testNGparallelExecution.TestNg4" name="today" time="0.007"/>
  <system-out>
    <![CDATA[today method18 is the thread]]>
  </system-out>
</testsuite> <!-- testNGparallelExecution.TestNg4 -->
