<?xml version="1.0" encoding="UTF-8"?>
<!-- Generated by org.testng.reporters.JUnitReportReporter -->
<testsuite hostname="LAPTOP-LVMPKGTC" failures="0" tests="1" name="testNGPack2.Class3" time="4.930" errors="0" timestamp="2023-01-24T01:22:01 IST" skipped="0">
  <testcase classname="testNGPack2.Class3" name="java" time="4.930"/>
  <system-out/>
</testsuite> <!-- testNGPack2.Class3 -->
