<?xml version="1.0" encoding="UTF-8"?>
<!-- Generated by org.testng.reporters.JUnitReportReporter -->
<testsuite hostname="LAPTOP-LVMPKGTC" failures="0" tests="10" name="testNGPack2.Flag3" time="149.139" errors="0" timestamp="2023-01-20T16:25:29 IST" skipped="0">
  <testcase classname="testNGPack2.Flag3" name="flag3" time="11.819"/>
  <system-out/>
  <testcase classname="testNGPack2.Flag3" name="flag3" time="4.539"/>
  <system-out/>
  <testcase classname="testNGPack2.Flag3" name="flag3" time="7.086"/>
  <system-out/>
  <testcase classname="testNGPack2.Flag3" name="flag3" time="29.224"/>
  <system-out/>
  <testcase classname="testNGPack2.Flag3" name="flag3" time="5.075"/>
  <system-out/>
  <testcase classname="testNGPack2.Flag3" name="flag3" time="3.530"/>
  <system-out/>
  <testcase classname="testNGPack2.Flag3" name="flag3" time="36.657"/>
  <system-out/>
  <testcase classname="testNGPack2.Flag3" name="flag3" time="19.897"/>
  <system-out/>
  <testcase classname="testNGPack2.Flag3" name="flag3" time="27.145"/>
  <system-out/>
  <testcase classname="testNGPack2.Flag3" name="flag3" time="4.167"/>
  <system-out/>
</testsuite> <!-- testNGPack2.Flag3 -->
