<?xml version="1.0" encoding="UTF-8"?>
<!-- Generated by org.testng.reporters.JUnitReportReporter -->
<testsuite hostname="LAPTOP-LVMPKGTC" failures="0" tests="1" name="testNGPack2.Class1" time="4.722" errors="0" timestamp="2023-01-24T01:22:01 IST" skipped="0">
  <testcase classname="testNGPack2.Class1" name="sql" time="4.722"/>
  <system-out/>
</testsuite> <!-- testNGPack2.Class1 -->
