<?xml version="1.0" encoding="UTF-8"?>
<!-- Generated by org.testng.reporters.JUnitReportReporter -->
<testsuite hostname="LAPTOP-LVMPKGTC" failures="0" tests="2" name="testNGPack.SelectBrowser" time="7.319" errors="0" timestamp="2023-01-24T00:54:35 IST" skipped="0">
  <testcase classname="testNGPack.SelectBrowser" name="openBrowser" time="3.038"/>
  <system-out/>
  <testcase classname="testNGPack.SelectBrowser" name="openBrowser" time="4.281"/>
  <system-out/>
</testsuite> <!-- testNGPack.SelectBrowser -->
