<?xml version="1.0" encoding="UTF-8"?>
<!-- Generated by org.testng.reporters.JUnitReportReporter -->
<testsuite hostname="LAPTOP-LVMPKGTC" failures="0" tests="2" name="testNGparallelExecution.TestNg3" time="0.010" errors="0" timestamp="2023-01-24T01:25:23 IST" skipped="0">
  <testcase classname="testNGparallelExecution.TestNg3" name="method2" time="0.001"/>
  <system-out>
    <![CDATA[i am method2]]>
  </system-out>
  <testcase classname="testNGparallelExecution.TestNg3" name="method1" time="0.009"/>
  <system-out>
    <![CDATA[i am method1]]>
  </system-out>
</testsuite> <!-- testNGparallelExecution.TestNg3 -->
