<?xml version="1.0" encoding="UTF-8"?>
<!-- Generated by org.testng.reporters.JUnitReportReporter -->
<testsuite hostname="LAPTOP-LVMPKGTC" failures="0" tests="1" name="testNGPack2.Class2" time="9.285" errors="0" timestamp="2023-01-24T01:22:01 IST" skipped="0">
  <testcase classname="testNGPack2.Class2" name="mt" time="9.285"/>
  <system-out/>
</testsuite> <!-- testNGPack2.Class2 -->
